<?xml version="1.0" encoding="UTF-8" standalone="yes"?>
<testsuite name="com.placeholder.company.project.scoring.AdminAuthenticationTest" time="3.454" tests="9" errors="0" skipped="0" failures="0">
    <testcase name="testAuthorizedWithValidDefaultUser" classname="com.placeholder.company.project.scoring.AdminAuthenticationTest" time="0.274"/>
    <testcase name="testAuthorizedWithValidRandomUser" classname="com.placeholder.company.project.scoring.AdminAuthenticationTest" time="0.017"/>
    <testcase name="testEmptyUnauthorizedWithInvalidAuthHeader" classname="com.placeholder.company.project.scoring.AdminAuthenticationTest" time="0.006"/>
    <testcase name="testEmptyUnauthorizedWithoutAuthHeader" classname="com.placeholder.company.project.scoring.AdminAuthenticationTest" time="0.005"/>
    <testcase name="testTokenPersistenceWithValidDefaultUser" classname="com.placeholder.company.project.scoring.AdminAuthenticationTest" time="0.023"/>
    <testcase name="testTokenPersistenceWithValidRandomUser" classname="com.placeholder.company.project.scoring.AdminAuthenticationTest" time="0.018"/>
    <testcase name="testUnauthorizedWithInvalidAuthHeaderAndToken" classname="com.placeholder.company.project.scoring.AdminAuthenticationTest" time="0.012"/>
    <testcase name="testUnauthorizedWithInvalidAuthHeaderAndValidToken" classname="com.placeholder.company.project.scoring.AdminAuthenticationTest" time="0.013"/>
    <testcase name="testUnauthorizedWithInvalidAuthHeaderEncoding" classname="com.placeholder.company.project.scoring.AdminAuthenticationTest" time="0.011"/>
</testsuite>
