<?xml version="1.0" encoding="UTF-8" standalone="yes"?>
<testsuite name="com.placeholder.company.project.scoring.AdminAuthenticationTest" time="0.621" tests="9" errors="0" skipped="0" failures="0">
    <testcase name="testAuthorizedWithValidDefaultUser" classname="com.placeholder.company.project.scoring.AdminAuthenticationTest" time="0.354"/>
    <testcase name="testAuthorizedWithValidRandomUser" classname="com.placeholder.company.project.scoring.AdminAuthenticationTest" time="0.029"/>
    <testcase name="testEmptyUnauthorizedWithInvalidAuthHeader" classname="com.placeholder.company.project.scoring.AdminAuthenticationTest" time="0.013"/>
    <testcase name="testEmptyUnauthorizedWithoutAuthHeader" classname="com.placeholder.company.project.scoring.AdminAuthenticationTest" time="0.015"/>
    <testcase name="testTokenPersistenceWithValidDefaultUser" classname="com.placeholder.company.project.scoring.AdminAuthenticationTest" time="0.049"/>
    <testcase name="testTokenPersistenceWithValidRandomUser" classname="com.placeholder.company.project.scoring.AdminAuthenticationTest" time="0.06"/>
    <testcase name="testUnauthorizedWithInvalidAuthHeaderAndToken" classname="com.placeholder.company.project.scoring.AdminAuthenticationTest" time="0.03"/>
    <testcase name="testUnauthorizedWithInvalidAuthHeaderAndValidToken" classname="com.placeholder.company.project.scoring.AdminAuthenticationTest" time="0.02"/>
    <testcase name="testUnauthorizedWithInvalidAuthHeaderEncoding" classname="com.placeholder.company.project.scoring.AdminAuthenticationTest" time="0.016"/>
</testsuite>
