<?xml version="1.0" encoding="UTF-8" standalone="yes"?>
<testsuite name="com.placeholder.company.project.scoring.BasicAccessAuthenticationTest" time="0.055" tests="8" errors="0" skipped="0" failures="0">
    <testcase name="testAuthValueAsNull" classname="com.placeholder.company.project.scoring.BasicAccessAuthenticationTest" time="0.003"/>
    <testcase name="testAuthValueAsRandomString" classname="com.placeholder.company.project.scoring.BasicAccessAuthenticationTest" time="0.004"/>
    <testcase name="testAuthValueAsWhiteSpace" classname="com.placeholder.company.project.scoring.BasicAccessAuthenticationTest" time="0.004"/>
    <testcase name="testEncodedBasicAuthentication" classname="com.placeholder.company.project.scoring.BasicAccessAuthenticationTest" time="0.004"/>
    <testcase name="testEncodedBasicAuthenticationWithInvalidPassword" classname="com.placeholder.company.project.scoring.BasicAccessAuthenticationTest" time="0.004"/>
    <testcase name="testEncodedBasicAuthenticationWithInvalidUsername" classname="com.placeholder.company.project.scoring.BasicAccessAuthenticationTest" time="0.006"/>
    <testcase name="testUnencodedAuthentication" classname="com.placeholder.company.project.scoring.BasicAccessAuthenticationTest" time="0.004"/>
    <testcase name="testUnencodedBasicAuthentication" classname="com.placeholder.company.project.scoring.BasicAccessAuthenticationTest" time="0.005"/>
</testsuite>
