<?xml version="1.0" encoding="UTF-8" standalone="yes"?>
<testsuite name="com.placeholder.company.project.scoring.FinalFlowTest" time="6.05" tests="7" errors="0" skipped="0" failures="0">
    <testcase name="testFinalAdminAuthenticationOnDemand" classname="com.placeholder.company.project.scoring.FinalFlowTest" time="0.018"/>
    <testcase name="testFinalAdminAuthenticationWithoutDemand" classname="com.placeholder.company.project.scoring.FinalFlowTest" time="0.025"/>
    <testcase name="testFinalEventRegistration" classname="com.placeholder.company.project.scoring.FinalFlowTest" time="0.039"/>
    <testcase name="testFinalEventResult" classname="com.placeholder.company.project.scoring.FinalFlowTest" time="0.064"/>
    <testcase name="testFinalReportEvent" classname="com.placeholder.company.project.scoring.FinalFlowTest" time="0.061"/>
    <testcase name="testFinalReportEventBySortedParticipants" classname="com.placeholder.company.project.scoring.FinalFlowTest" time="0.107"/>
    <testcase name="testFinalReportEventByTopParticipants" classname="com.placeholder.company.project.scoring.FinalFlowTest" time="0.08"/>
</testsuite>
